<?xml version="1.0" encoding="UTF-8"?>
<testng-results skipped="0" failed="0" ignored="0" total="1" passed="1">
  <reporter-output>
  </reporter-output>
  <suite name="Suite" duration-ms="54" started-at="2017-05-03T09:56:53Z" finished-at="2017-05-03T09:56:53Z">
    <groups>
    </groups>
    <test name="Test" duration-ms="54" started-at="2017-05-03T09:56:53Z" finished-at="2017-05-03T09:56:53Z">
      <class name="MavenDemo.mavendemo.App">
        <test-method status="PASS" signature="test()[pri:0, instance:MavenDemo.mavendemo.App@2669b199]" name="test" duration-ms="18" started-at="2017-05-03T15:26:53Z" finished-at="2017-05-03T15:26:53Z">
          <reporter-output>
          </reporter-output>
        </test-method> <!-- test -->
      </class> <!-- MavenDemo.mavendemo.App -->
    </test> <!-- Test -->
  </suite> <!-- Suite -->
</testng-results>
